<?xml version="1.0" encoding="UTF-8"?>
<!-- Generated by org.testng.reporters.JUnitReportReporter -->
<testsuite hostname="SHESADAS-3MV9K" name="googlechrome.SingleMeetingChrome" tests="1" failures="0" timestamp="18 May 2016 12:48:42 GMT" time="32.803" errors="0">
  <testcase name="open" time="32.803" classname="googlechrome.SingleMeetingChrome"/>
</testsuite> <!-- googlechrome.SingleMeetingChrome -->
