<?xml version="1.0" encoding="UTF-8"?>
<!-- Generated by org.testng.reporters.JUnitReportReporter -->
<testsuite hostname="SHESADAS-3MV9K" name="googlechrome.WebexSingleChrome" tests="1" failures="0" timestamp="18 May 2016 12:48:42 GMT" time="41.982" errors="0">
  <testcase name="open" time="41.982" classname="googlechrome.WebexSingleChrome"/>
</testsuite> <!-- googlechrome.WebexSingleChrome -->
